{
  error: CastError: Cast to ObjectId failed for value "654e6284d1581c509003cc145" (type string) at path "_id" for model "konuBaslik"
      at model.Query.exec (C:\Users\SEMIH\Desktop\quantum-backend\node_modules\mongoose\lib\query.js:4884:21)
      at Query.then (C:\Users\SEMIH\Desktop\quantum-backend\node_modules\mongoose\lib\query.js:4983:15)
      at process.processTicksAndRejections (node:internal/process/task_queues:95:5) {
    messageFormat: undefined,
    stringValue: '"654e6284d1581c509003cc145"',
    kind: 'ObjectId',
    value: '654e6284d1581c509003cc145',
    path: '_id',
    reason: BSONTypeError: Argument passed in must be a string of 12 bytes or a string of 24 hex characters or an integer
        at new BSONTypeError (C:\Users\SEMIH\Desktop\quantum-backend\node_modules\bson\lib\error.js:41:28)
        at new ObjectId (C:\Users\SEMIH\Desktop\quantum-backend\node_modules\bson\lib\objectid.js:67:23)
        at castObjectId (C:\Users\SEMIH\Desktop\quantum-backend\node_modules\mongoose\lib\cast\objectid.js:25:12)
        at ObjectId.cast (C:\Users\SEMIH\Desktop\quantum-backend\node_modules\mongoose\lib\schema\objectid.js:246:12)
        at SchemaType.applySetters (C:\Users\SEMIH\Desktop\quantum-backend\node_modules\mongoose\lib\schematype.js:1201:12)
        at SchemaType._castForQuery (C:\Users\SEMIH\Desktop\quantum-backend\node_modules\mongoose\lib\schematype.js:1648:15)
        at SchemaType.castForQuery (C:\Users\SEMIH\Desktop\quantum-backend\node_modules\mongoose\lib\schematype.js:1636:15)
        at SchemaType.castForQueryWrapper (C:\Users\SEMIH\Desktop\quantum-backend\node_modules\mongoose\lib\schematype.js:1612:20)
        at cast (C:\Users\SEMIH\Desktop\quantum-backend\node_modules\mongoose\lib\cast.js:347:32)
        at Query.cast (C:\Users\SEMIH\Desktop\quantum-backend\node_modules\mongoose\lib\query.js:5312:12),
    valueType: 'string'
  },
  level: 'error',
  message: 'unhandledRejection: Cast to ObjectId failed for value "654e6284d1581c509003cc145" (type string) at path "_id" for model "konuBaslik"\n' +
    'CastError: Cast to ObjectId failed for value "654e6284d1581c509003cc145" (type string) at path "_id" for model "konuBaslik"\n' +
    '    at model.Query.exec (C:\\Users\\SEMIH\\Desktop\\quantum-backend\\node_modules\\mongoose\\lib\\query.js:4884:21)\n' +
    '    at Query.then (C:\\Users\\SEMIH\\Desktop\\quantum-backend\\node_modules\\mongoose\\lib\\query.js:4983:15)\n' +
    '    at process.processTicksAndRejections (node:internal/process/task_queues:95:5)',
  stack: 'CastError: Cast to ObjectId failed for value "654e6284d1581c509003cc145" (type string) at path "_id" for model "konuBaslik"\n' +
    '    at model.Query.exec (C:\\Users\\SEMIH\\Desktop\\quantum-backend\\node_modules\\mongoose\\lib\\query.js:4884:21)\n' +
    '    at Query.then (C:\\Users\\SEMIH\\Desktop\\quantum-backend\\node_modules\\mongoose\\lib\\query.js:4983:15)\n' +
    '    at process.processTicksAndRejections (node:internal/process/task_queues:95:5)',
  exception: true,
  date: 'Fri Nov 10 2023 22:32:27 GMT+0300 (GMT+03:00)',
  process: {
    pid: 29180,
    uid: null,
    gid: null,
    cwd: 'C:\\Users\\SEMIH\\Desktop\\quantum-backend',
    execPath: 'C:\\Program Files\\nodejs\\node.exe',
    version: 'v18.16.0',
    argv: [
      'C:\\Program Files\\nodejs\\node.exe',
      'C:\\Users\\SEMIH\\Desktop\\quantum-backend\\app.js'
    ],
    memoryUsage: {
      rss: 73859072,
      heapTotal: 33902592,
      heapUsed: 30802520,
      external: 37158230,
      arrayBuffers: 36202440
    }
  },
  os: { loadavg: [ 0, 0, 0 ], uptime: 637332.921 },
  trace: [
    {
      column: 21,
      file: 'C:\\Users\\SEMIH\\Desktop\\quantum-backend\\node_modules\\mongoose\\lib\\query.js',
      function: 'model.Query.exec',
      line: 4884,
      method: 'exec',
      native: false
    },
    {
      column: 15,
      file: 'C:\\Users\\SEMIH\\Desktop\\quantum-backend\\node_modules\\mongoose\\lib\\query.js',
      function: 'Query.then',
      line: 4983,
      method: 'then',
      native: false
    },
    {
      column: 5,
      file: 'node:internal/process/task_queues',
      function: 'process.processTicksAndRejections',
      line: 95,
      method: 'processTicksAndRejections',
      native: false
    }
  ],
  timestamp: '2023-11-10 22:32:27'
}
{
  error: CastError: Cast to ObjectId failed for value "654e6284d1581c509003cc14k" (type string) at path "_id" for model "konuBaslik"
      at model.Query.exec (C:\Users\SEMIH\Desktop\quantum-backend\node_modules\mongoose\lib\query.js:4884:21)
      at Query.then (C:\Users\SEMIH\Desktop\quantum-backend\node_modules\mongoose\lib\query.js:4983:15)
      at process.processTicksAndRejections (node:internal/process/task_queues:95:5) {
    messageFormat: undefined,
    stringValue: '"654e6284d1581c509003cc14k"',
    kind: 'ObjectId',
    value: '654e6284d1581c509003cc14k',
    path: '_id',
    reason: BSONTypeError: Argument passed in must be a string of 12 bytes or a string of 24 hex characters or an integer
        at new BSONTypeError (C:\Users\SEMIH\Desktop\quantum-backend\node_modules\bson\lib\error.js:41:28)
        at new ObjectId (C:\Users\SEMIH\Desktop\quantum-backend\node_modules\bson\lib\objectid.js:67:23)
        at castObjectId (C:\Users\SEMIH\Desktop\quantum-backend\node_modules\mongoose\lib\cast\objectid.js:25:12)
        at ObjectId.cast (C:\Users\SEMIH\Desktop\quantum-backend\node_modules\mongoose\lib\schema\objectid.js:246:12)
        at SchemaType.applySetters (C:\Users\SEMIH\Desktop\quantum-backend\node_modules\mongoose\lib\schematype.js:1201:12)
        at SchemaType._castForQuery (C:\Users\SEMIH\Desktop\quantum-backend\node_modules\mongoose\lib\schematype.js:1648:15)
        at SchemaType.castForQuery (C:\Users\SEMIH\Desktop\quantum-backend\node_modules\mongoose\lib\schematype.js:1636:15)
        at SchemaType.castForQueryWrapper (C:\Users\SEMIH\Desktop\quantum-backend\node_modules\mongoose\lib\schematype.js:1612:20)
        at cast (C:\Users\SEMIH\Desktop\quantum-backend\node_modules\mongoose\lib\cast.js:347:32)
        at Query.cast (C:\Users\SEMIH\Desktop\quantum-backend\node_modules\mongoose\lib\query.js:5312:12),
    valueType: 'string'
  },
  level: 'error',
  message: 'unhandledRejection: Cast to ObjectId failed for value "654e6284d1581c509003cc14k" (type string) at path "_id" for model "konuBaslik"\n' +
    'CastError: Cast to ObjectId failed for value "654e6284d1581c509003cc14k" (type string) at path "_id" for model "konuBaslik"\n' +
    '    at model.Query.exec (C:\\Users\\SEMIH\\Desktop\\quantum-backend\\node_modules\\mongoose\\lib\\query.js:4884:21)\n' +
    '    at Query.then (C:\\Users\\SEMIH\\Desktop\\quantum-backend\\node_modules\\mongoose\\lib\\query.js:4983:15)\n' +
    '    at process.processTicksAndRejections (node:internal/process/task_queues:95:5)',
  stack: 'CastError: Cast to ObjectId failed for value "654e6284d1581c509003cc14k" (type string) at path "_id" for model "konuBaslik"\n' +
    '    at model.Query.exec (C:\\Users\\SEMIH\\Desktop\\quantum-backend\\node_modules\\mongoose\\lib\\query.js:4884:21)\n' +
    '    at Query.then (C:\\Users\\SEMIH\\Desktop\\quantum-backend\\node_modules\\mongoose\\lib\\query.js:4983:15)\n' +
    '    at process.processTicksAndRejections (node:internal/process/task_queues:95:5)',
  exception: true,
  date: 'Fri Nov 10 2023 22:35:37 GMT+0300 (GMT+03:00)',
  process: {
    pid: 48620,
    uid: null,
    gid: null,
    cwd: 'C:\\Users\\SEMIH\\Desktop\\quantum-backend',
    execPath: 'C:\\Program Files\\nodejs\\node.exe',
    version: 'v18.16.0',
    argv: [
      'C:\\Program Files\\nodejs\\node.exe',
      'C:\\Users\\SEMIH\\Desktop\\quantum-backend\\app.js'
    ],
    memoryUsage: {
      rss: 73711616,
      heapTotal: 33640448,
      heapUsed: 30567976,
      external: 37117727,
      arrayBuffers: 36161937
    }
  },
  os: { loadavg: [ 0, 0, 0 ], uptime: 637523.14 },
  trace: [
    {
      column: 21,
      file: 'C:\\Users\\SEMIH\\Desktop\\quantum-backend\\node_modules\\mongoose\\lib\\query.js',
      function: 'model.Query.exec',
      line: 4884,
      method: 'exec',
      native: false
    },
    {
      column: 15,
      file: 'C:\\Users\\SEMIH\\Desktop\\quantum-backend\\node_modules\\mongoose\\lib\\query.js',
      function: 'Query.then',
      line: 4983,
      method: 'then',
      native: false
    },
    {
      column: 5,
      file: 'node:internal/process/task_queues',
      function: 'process.processTicksAndRejections',
      line: 95,
      method: 'processTicksAndRejections',
      native: false
    }
  ],
  timestamp: '2023-11-10 22:35:37'
}
{
  error: CastError: Cast to ObjectId failed for value "654e62c5d1581c509003cc16s" (type string) at path "_id" for model "konuBaslik"
      at model.Query.exec (C:\Users\SEMIH\Desktop\quantum-backend\node_modules\mongoose\lib\query.js:4884:21)
      at Query.then (C:\Users\SEMIH\Desktop\quantum-backend\node_modules\mongoose\lib\query.js:4983:15)
      at process.processTicksAndRejections (node:internal/process/task_queues:95:5) {
    messageFormat: undefined,
    stringValue: '"654e62c5d1581c509003cc16s"',
    kind: 'ObjectId',
    value: '654e62c5d1581c509003cc16s',
    path: '_id',
    reason: BSONTypeError: Argument passed in must be a string of 12 bytes or a string of 24 hex characters or an integer
        at new BSONTypeError (C:\Users\SEMIH\Desktop\quantum-backend\node_modules\bson\lib\error.js:41:28)
        at new ObjectId (C:\Users\SEMIH\Desktop\quantum-backend\node_modules\bson\lib\objectid.js:67:23)
        at castObjectId (C:\Users\SEMIH\Desktop\quantum-backend\node_modules\mongoose\lib\cast\objectid.js:25:12)
        at ObjectId.cast (C:\Users\SEMIH\Desktop\quantum-backend\node_modules\mongoose\lib\schema\objectid.js:246:12)
        at SchemaType.applySetters (C:\Users\SEMIH\Desktop\quantum-backend\node_modules\mongoose\lib\schematype.js:1201:12)
        at SchemaType._castForQuery (C:\Users\SEMIH\Desktop\quantum-backend\node_modules\mongoose\lib\schematype.js:1648:15)
        at SchemaType.castForQuery (C:\Users\SEMIH\Desktop\quantum-backend\node_modules\mongoose\lib\schematype.js:1636:15)
        at SchemaType.castForQueryWrapper (C:\Users\SEMIH\Desktop\quantum-backend\node_modules\mongoose\lib\schematype.js:1612:20)
        at cast (C:\Users\SEMIH\Desktop\quantum-backend\node_modules\mongoose\lib\cast.js:347:32)
        at Query.cast (C:\Users\SEMIH\Desktop\quantum-backend\node_modules\mongoose\lib\query.js:5312:12),
    valueType: 'string'
  },
  level: 'error',
  message: 'unhandledRejection: Cast to ObjectId failed for value "654e62c5d1581c509003cc16s" (type string) at path "_id" for model "konuBaslik"\n' +
    'CastError: Cast to ObjectId failed for value "654e62c5d1581c509003cc16s" (type string) at path "_id" for model "konuBaslik"\n' +
    '    at model.Query.exec (C:\\Users\\SEMIH\\Desktop\\quantum-backend\\node_modules\\mongoose\\lib\\query.js:4884:21)\n' +
    '    at Query.then (C:\\Users\\SEMIH\\Desktop\\quantum-backend\\node_modules\\mongoose\\lib\\query.js:4983:15)\n' +
    '    at process.processTicksAndRejections (node:internal/process/task_queues:95:5)',
  stack: 'CastError: Cast to ObjectId failed for value "654e62c5d1581c509003cc16s" (type string) at path "_id" for model "konuBaslik"\n' +
    '    at model.Query.exec (C:\\Users\\SEMIH\\Desktop\\quantum-backend\\node_modules\\mongoose\\lib\\query.js:4884:21)\n' +
    '    at Query.then (C:\\Users\\SEMIH\\Desktop\\quantum-backend\\node_modules\\mongoose\\lib\\query.js:4983:15)\n' +
    '    at process.processTicksAndRejections (node:internal/process/task_queues:95:5)',
  exception: true,
  date: 'Fri Nov 10 2023 22:38:14 GMT+0300 (GMT+03:00)',
  process: {
    pid: 25128,
    uid: null,
    gid: null,
    cwd: 'C:\\Users\\SEMIH\\Desktop\\quantum-backend',
    execPath: 'C:\\Program Files\\nodejs\\node.exe',
    version: 'v18.16.0',
    argv: [
      'C:\\Program Files\\nodejs\\node.exe',
      'C:\\Users\\SEMIH\\Desktop\\quantum-backend\\app.js'
    ],
    memoryUsage: {
      rss: 74211328,
      heapTotal: 33378304,
      heapUsed: 30755896,
      external: 37130035,
      arrayBuffers: 36174245
    }
  },
  os: { loadavg: [ 0, 0, 0 ], uptime: 637679.578 },
  trace: [
    {
      column: 21,
      file: 'C:\\Users\\SEMIH\\Desktop\\quantum-backend\\node_modules\\mongoose\\lib\\query.js',
      function: 'model.Query.exec',
      line: 4884,
      method: 'exec',
      native: false
    },
    {
      column: 15,
      file: 'C:\\Users\\SEMIH\\Desktop\\quantum-backend\\node_modules\\mongoose\\lib\\query.js',
      function: 'Query.then',
      line: 4983,
      method: 'then',
      native: false
    },
    {
      column: 5,
      file: 'node:internal/process/task_queues',
      function: 'process.processTicksAndRejections',
      line: 95,
      method: 'processTicksAndRejections',
      native: false
    }
  ],
  timestamp: '2023-11-10 22:38:14'
}
{
  error: Error: querySrv ECONNREFUSED _mongodb._tcp.cluster0.ql9y4oa.mongodb.net
      at QueryReqWrap.onresolve [as oncomplete] (node:internal/dns/callback_resolver:47:19) {
    errno: undefined,
    code: 'ECONNREFUSED',
    syscall: 'querySrv',
    hostname: '_mongodb._tcp.cluster0.ql9y4oa.mongodb.net'
  },
  level: 'error',
  message: 'unhandledRejection: querySrv ECONNREFUSED _mongodb._tcp.cluster0.ql9y4oa.mongodb.net\n' +
    'Error: querySrv ECONNREFUSED _mongodb._tcp.cluster0.ql9y4oa.mongodb.net\n' +
    '    at QueryReqWrap.onresolve [as oncomplete] (node:internal/dns/callback_resolver:47:19)',
  stack: 'Error: querySrv ECONNREFUSED _mongodb._tcp.cluster0.ql9y4oa.mongodb.net\n' +
    '    at QueryReqWrap.onresolve [as oncomplete] (node:internal/dns/callback_resolver:47:19)',
  exception: true,
  date: 'Fri Nov 10 2023 22:44:09 GMT+0300 (GMT+03:00)',
  process: {
    pid: 3000,
    uid: null,
    gid: null,
    cwd: 'C:\\Users\\SEMIH\\Desktop\\quantum-backend',
    execPath: 'C:\\Program Files\\nodejs\\node.exe',
    version: 'v18.16.0',
    argv: [
      'C:\\Program Files\\nodejs\\node.exe',
      'C:\\Users\\SEMIH\\Desktop\\quantum-backend\\app.js'
    ],
    memoryUsage: {
      rss: 90021888,
      heapTotal: 64049152,
      heapUsed: 28731136,
      external: 37137406,
      arrayBuffers: 36179524
    }
  },
  os: { loadavg: [ 0, 0, 0 ], uptime: 638034.953 },
  trace: [
    {
      column: 19,
      file: 'node:internal/dns/callback_resolver',
      function: 'QueryReqWrap.onresolve [as oncomplete]',
      line: 47,
      method: 'onresolve [as oncomplete]',
      native: false
    }
  ],
  timestamp: '2023-11-10 22:44:09'
}
